# JRE version: Java(TM) SE Runtime Environment (8.0_271-b09) (build 1.8.0_271-b09)
# Java VM: Java HotSpot(TM) 64-Bit Server VM (25.271-b09 mixed mode windows-amd64 compressed oops)
Heap:
 PSYoungGen      total 1335296K, used 33981K [0x000000076b780000, 0x00000007bfb80000, 0x00000007c0000000)
  eden space 1291776K, 0% used [0x000000076b780000,0x000000076b9e6bb8,0x00000007ba500000)
  from space 43520K, 72% used [0x00000007ba500000,0x00000007bc3c8a10,0x00000007bcf80000)
  to   space 45056K, 0% used [0x00000007bcf80000,0x00000007bcf80000,0x00000007bfb80000)
 ParOldGen       total 1202176K, used 980512K [0x00000006c2600000, 0x000000070bc00000, 0x000000076b780000)
  object space 1202176K, 81% used [0x00000006c2600000,0x00000006fe388100,0x000000070bc00000)
 Metaspace       used 17673K, capacity 17910K, committed 18304K, reserved 1064960K
  class space    used 1988K, capacity 2081K, committed 2176K, reserved 1048576K
GC Heap History (10 events):
Event: 1051.197 GC heap before
{Heap before GC invocations=3057 (full 30):
 PSYoungGen      total 1336832K, used 1323187K [0x000000076b780000, 0x00000007bfd00000, 0x00000007c0000000)
  eden space 1290240K, 100% used [0x000000076b780000,0x00000007ba380000,0x00000007ba380000)
  from space 46592K, 70% used [0x00000007bcf80000,0x00000007beface70,0x00000007bfd00000)
  to   space 45056K, 0% used [0x00000007ba380000,0x00000007ba380000,0x00000007bcf80000)
 ParOldGen       total 1202176K, used 978952K [0x00000006c2600000, 0x000000070bc00000, 0x000000076b780000)
  object space 1202176K, 81% used [0x00000006c2600000,0x00000006fe202100,0x000000070bc00000)
 Metaspace       used 17671K, capacity 17910K, committed 18304K, reserved 1064960K
  class space    used 1987K, capacity 2081K, committed 2176K, reserved 1048576K
Event: 1051.217 GC heap after
Heap after GC invocations=3057 (full 30):
 PSYoungGen      total 1335296K, used 37786K [0x000000076b780000, 0x00000007bfd00000, 0x00000007c0000000)
  eden space 1290240K, 0% used [0x000000076b780000,0x000000076b780000,0x00000007ba380000)
  from space 45056K, 83% used [0x00000007ba380000,0x00000007bc866858,0x00000007bcf80000)
  to   space 46592K, 0% used [0x00000007bcf80000,0x00000007bcf80000,0x00000007bfd00000)
 ParOldGen       total 1202176K, used 979464K [0x00000006c2600000, 0x000000070bc00000, 0x000000076b780000)
  object space 1202176K, 81% used [0x00000006c2600000,0x00000006fe282100,0x000000070bc00000)
 Metaspace       used 17671K, capacity 17910K, committed 18304K, reserved 1064960K
  class space    used 1987K, capacity 2081K, committed 2176K, reserved 1048576K
}
Event: 1051.487 GC heap before
{Heap before GC invocations=3058 (full 30):
 PSYoungGen      total 1335296K, used 1328026K [0x000000076b780000, 0x00000007bfd00000, 0x00000007c0000000)
  eden space 1290240K, 100% used [0x000000076b780000,0x00000007ba380000,0x00000007ba380000)
  from space 45056K, 83% used [0x00000007ba380000,0x00000007bc866858,0x00000007bcf80000)
  to   space 46592K, 0% used [0x00000007bcf80000,0x00000007bcf80000,0x00000007bfd00000)
 ParOldGen       total 1202176K, used 979464K [0x00000006c2600000, 0x000000070bc00000, 0x000000076b780000)
  object space 1202176K, 81% used [0x00000006c2600000,0x00000006fe282100,0x000000070bc00000)
 Metaspace       used 17671K, capacity 17910K, committed 18304K, reserved 1064960K
  class space    used 1987K, capacity 2081K, committed 2176K, reserved 1048576K
Event: 1051.504 GC heap after
Heap after GC invocations=3058 (full 30):
 PSYoungGen      total 1336832K, used 31361K [0x000000076b780000, 0x00000007bfd00000, 0x00000007c0000000)
  eden space 1290240K, 0% used [0x000000076b780000,0x000000076b780000,0x00000007ba380000)
  from space 46592K, 67% used [0x00000007bcf80000,0x00000007bee206b0,0x00000007bfd00000)
  to   space 45056K, 0% used [0x00000007ba380000,0x00000007ba380000,0x00000007bcf80000)
 ParOldGen       total 1202176K, used 979512K [0x00000006c2600000, 0x000000070bc00000, 0x000000076b780000)
  object space 1202176K, 81% used [0x00000006c2600000,0x00000006fe28e100,0x000000070bc00000)
 Metaspace       used 17671K, capacity 17910K, committed 18304K, reserved 1064960K
  class space    used 1987K, capacity 2081K, committed 2176K, reserved 1048576K
}
Event: 1051.772 GC heap before
{Heap before GC invocations=3059 (full 30):
 PSYoungGen      total 1336832K, used 1321601K [0x000000076b780000, 0x00000007bfd00000, 0x00000007c0000000)
  eden space 1290240K, 100% used [0x000000076b780000,0x00000007ba380000,0x00000007ba380000)
  from space 46592K, 67% used [0x00000007bcf80000,0x00000007bee206b0,0x00000007bfd00000)
  to   space 45056K, 0% used [0x00000007ba380000,0x00000007ba380000,0x00000007bcf80000)
 ParOldGen       total 1202176K, used 979512K [0x00000006c2600000, 0x000000070bc00000, 0x000000076b780000)
  object space 1202176K, 81% used [0x00000006c2600000,0x00000006fe28e100,0x000000070bc00000)
 Metaspace       used 17671K, capacity 17910K, committed 18304K, reserved 1064960K
  class space    used 1987K, capacity 2081K, committed 2176K, reserved 1048576K
Event: 1051.792 GC heap after
Heap after GC invocations=3059 (full 30):
 PSYoungGen      total 1335296K, used 34636K [0x000000076b780000, 0x00000007bfd00000, 0x00000007c0000000)
  eden space 1290240K, 0% used [0x000000076b780000,0x000000076b780000,0x00000007ba380000)
  from space 45056K, 76% used [0x00000007ba380000,0x00000007bc553028,0x00000007bcf80000)
  to   space 46592K, 0% used [0x00000007bcf80000,0x00000007bcf80000,0x00000007bfd00000)
 ParOldGen       total 1202176K, used 979984K [0x00000006c2600000, 0x000000070bc00000, 0x000000076b780000)
  object space 1202176K, 81% used [0x00000006c2600000,0x00000006fe304100,0x000000070bc00000)
 Metaspace       used 17671K, capacity 17910K, committed 18304K, reserved 1064960K
  class space    used 1987K, capacity 2081K, committed 2176K, reserved 1048576K
}
Event: 1052.060 GC heap before
{Heap before GC invocations=3060 (full 30):
 PSYoungGen      total 1335296K, used 1324876K [0x000000076b780000, 0x00000007bfd00000, 0x00000007c0000000)
  eden space 1290240K, 100% used [0x000000076b780000,0x00000007ba380000,0x00000007ba380000)
  from space 45056K, 76% used [0x00000007ba380000,0x00000007bc553028,0x00000007bcf80000)
  to   space 46592K, 0% used [0x00000007bcf80000,0x00000007bcf80000,0x00000007bfd00000)
 ParOldGen       total 1202176K, used 979984K [0x00000006c2600000, 0x000000070bc00000, 0x000000076b780000)
  object space 1202176K, 81% used [0x00000006c2600000,0x00000006fe304100,0x000000070bc00000)
 Metaspace       used 17671K, capacity 17910K, committed 18304K, reserved 1064960K
  class space    used 1987K, capacity 2081K, committed 2176K, reserved 1048576K
Event: 1052.079 GC heap after
Heap after GC invocations=3060 (full 30):
 PSYoungGen      total 1336832K, used 35569K [0x000000076b780000, 0x00000007bfb80000, 0x00000007c0000000)
  eden space 1291776K, 0% used [0x000000076b780000,0x000000076b780000,0x00000007ba500000)
  from space 45056K, 78% used [0x00000007bcf80000,0x00000007bf23c7d0,0x00000007bfb80000)
  to   space 43520K, 0% used [0x00000007ba500000,0x00000007ba500000,0x00000007bcf80000)
 ParOldGen       total 1202176K, used 980056K [0x00000006c2600000, 0x000000070bc00000, 0x000000076b780000)
  object space 1202176K, 81% used [0x00000006c2600000,0x00000006fe316100,0x000000070bc00000)
 Metaspace       used 17671K, capacity 17910K, committed 18304K, reserved 1064960K
  class space    used 1987K, capacity 2081K, committed 2176K, reserved 1048576K
}
Event: 1052.356 GC heap before
{Heap before GC invocations=3061 (full 30):
 PSYoungGen      total 1336832K, used 1327345K [0x000000076b780000, 0x00000007bfb80000, 0x00000007c0000000)
  eden space 1291776K, 100% used [0x000000076b780000,0x00000007ba500000,0x00000007ba500000)
  from space 45056K, 78% used [0x00000007bcf80000,0x00000007bf23c7d0,0x00000007bfb80000)
  to   space 43520K, 0% used [0x00000007ba500000,0x00000007ba500000,0x00000007bcf80000)
 ParOldGen       total 1202176K, used 980056K [0x00000006c2600000, 0x000000070bc00000, 0x000000076b780000)
  object space 1202176K, 81% used [0x00000006c2600000,0x00000006fe316100,0x000000070bc00000)
 Metaspace       used 17673K, capacity 17910K, committed 18304K, reserved 1064960K
  class space    used 1988K, capacity 2081K, committed 2176K, reserved 1048576K
Event: 1052.374 GC heap after
Heap after GC invocations=3061 (full 30):
 PSYoungGen      total 1335296K, used 31522K [0x000000076b780000, 0x00000007bfb80000, 0x00000007c0000000)
  eden space 1291776K, 0% used [0x000000076b780000,0x000000076b780000,0x00000007ba500000)
  from space 43520K, 72% used [0x00000007ba500000,0x00000007bc3c8a10,0x00000007bcf80000)
  to   space 45056K, 0% used [0x00000007bcf80000,0x00000007bcf80000,0x00000007bfb80000)
 ParOldGen       total 1202176K, used 980512K [0x00000006c2600000, 0x000000070bc00000, 0x000000076b780000)
  object space 1202176K, 81% used [0x00000006c2600000,0x00000006fe388100,0x000000070bc00000)
 Metaspace       used 17673K, capacity 17910K, committed 18304K, reserved 1064960K
  class space    used 1988K, capacity 2081K, committed 2176K, reserved 1048576K
}

