# JRE version: Java(TM) SE Runtime Environment (8.0_271-b09) (build 1.8.0_271-b09)
# Java VM: Java HotSpot(TM) 64-Bit Server VM (25.271-b09 mixed mode windows-amd64 compressed oops)
Heap:
 PSYoungGen      total 1323008K, used 109980K [0x000000076b780000, 0x00000007bf500000, 0x00000007c0000000)
  eden space 1272832K, 5% used [0x000000076b780000,0x0000000770076660,0x00000007b9280000)
  from space 50176K, 70% used [0x00000007b9280000,0x00000007bb4f0ae0,0x00000007bc380000)
  to   space 50688K, 0% used [0x00000007bc380000,0x00000007bc380000,0x00000007bf500000)
 ParOldGen       total 2557952K, used 574003K [0x00000006c2600000, 0x000000075e800000, 0x000000076b780000)
  object space 2557952K, 22% used [0x00000006c2600000,0x00000006e568ced0,0x000000075e800000)
 Metaspace       used 17637K, capacity 17910K, committed 18304K, reserved 1067008K
  class space    used 1988K, capacity 2081K, committed 2176K, reserved 1048576K
GC Heap History (10 events):
Event: 1383.498 GC heap before
{Heap before GC invocations=4457 (full 68):
 PSYoungGen      total 1311232K, used 1302010K [0x000000076b780000, 0x00000007bf680000, 0x00000007c0000000)
  eden space 1259008K, 100% used [0x000000076b780000,0x00000007b8500000,0x00000007b8500000)
  from space 52224K, 82% used [0x00000007bc380000,0x00000007bed7eba8,0x00000007bf680000)
  to   space 59392K, 0% used [0x00000007b8500000,0x00000007b8500000,0x00000007bbf00000)
 ParOldGen       total 2557952K, used 567854K [0x00000006c2600000, 0x000000075e800000, 0x000000076b780000)
  object space 2557952K, 22% used [0x00000006c2600000,0x00000006e508b9e0,0x000000075e800000)
 Metaspace       used 17637K, capacity 17910K, committed 18304K, reserved 1067008K
  class space    used 1988K, capacity 2081K, committed 2176K, reserved 1048576K
Event: 1383.518 GC heap after
Heap after GC invocations=4457 (full 68):
 PSYoungGen      total 1318400K, used 35981K [0x000000076b780000, 0x00000007bf680000, 0x00000007c0000000)
  eden space 1259008K, 0% used [0x000000076b780000,0x000000076b780000,0x00000007b8500000)
  from space 59392K, 60% used [0x00000007b8500000,0x00000007ba8236c8,0x00000007bbf00000)
  to   space 52224K, 0% used [0x00000007bc380000,0x00000007bc380000,0x00000007bf680000)
 ParOldGen       total 2557952K, used 572795K [0x00000006c2600000, 0x000000075e800000, 0x000000076b780000)
  object space 2557952K, 22% used [0x00000006c2600000,0x00000006e555efd0,0x000000075e800000)
 Metaspace       used 17637K, capacity 17910K, committed 18304K, reserved 1067008K
  class space    used 1988K, capacity 2081K, committed 2176K, reserved 1048576K
}
Event: 1383.799 GC heap before
{Heap before GC invocations=4458 (full 68):
 PSYoungGen      total 1318400K, used 1294989K [0x000000076b780000, 0x00000007bf680000, 0x00000007c0000000)
  eden space 1259008K, 100% used [0x000000076b780000,0x00000007b8500000,0x00000007b8500000)
  from space 59392K, 60% used [0x00000007b8500000,0x00000007ba8236c8,0x00000007bbf00000)
  to   space 52224K, 0% used [0x00000007bc380000,0x00000007bc380000,0x00000007bf680000)
 ParOldGen       total 2557952K, used 572795K [0x00000006c2600000, 0x000000075e800000, 0x000000076b780000)
  object space 2557952K, 22% used [0x00000006c2600000,0x00000006e555efd0,0x000000075e800000)
 Metaspace       used 17637K, capacity 17910K, committed 18304K, reserved 1067008K
  class space    used 1988K, capacity 2081K, committed 2176K, reserved 1048576K
Event: 1383.815 GC heap after
Heap after GC invocations=4458 (full 68):
 PSYoungGen      total 1311232K, used 27955K [0x000000076b780000, 0x00000007bf680000, 0x00000007c0000000)
  eden space 1259008K, 0% used [0x000000076b780000,0x000000076b780000,0x00000007b8500000)
  from space 52224K, 53% used [0x00000007bc380000,0x00000007bdeccc40,0x00000007bf680000)
  to   space 59392K, 0% used [0x00000007b8500000,0x00000007b8500000,0x00000007bbf00000)
 ParOldGen       total 2557952K, used 573227K [0x00000006c2600000, 0x000000075e800000, 0x000000076b780000)
  object space 2557952K, 22% used [0x00000006c2600000,0x00000006e55cafd0,0x000000075e800000)
 Metaspace       used 17637K, capacity 17910K, committed 18304K, reserved 1067008K
  class space    used 1988K, capacity 2081K, committed 2176K, reserved 1048576K
}
Event: 1384.096 GC heap before
{Heap before GC invocations=4459 (full 68):
 PSYoungGen      total 1311232K, used 1286963K [0x000000076b780000, 0x00000007bf680000, 0x00000007c0000000)
  eden space 1259008K, 100% used [0x000000076b780000,0x00000007b8500000,0x00000007b8500000)
  from space 52224K, 53% used [0x00000007bc380000,0x00000007bdeccc40,0x00000007bf680000)
  to   space 59392K, 0% used [0x00000007b8500000,0x00000007b8500000,0x00000007bbf00000)
 ParOldGen       total 2557952K, used 573227K [0x00000006c2600000, 0x000000075e800000, 0x000000076b780000)
  object space 2557952K, 22% used [0x00000006c2600000,0x00000006e55cafd0,0x000000075e800000)
 Metaspace       used 17637K, capacity 17910K, committed 18304K, reserved 1067008K
  class space    used 1988K, capacity 2081K, committed 2176K, reserved 1048576K
Event: 1384.115 GC heap after
Heap after GC invocations=4459 (full 68):
 PSYoungGen      total 1318400K, used 34283K [0x000000076b780000, 0x00000007bf680000, 0x00000007c0000000)
  eden space 1259008K, 0% used [0x000000076b780000,0x000000076b780000,0x00000007b8500000)
  from space 59392K, 57% used [0x00000007b8500000,0x00000007ba67ad78,0x00000007bbf00000)
  to   space 52224K, 0% used [0x00000007bc380000,0x00000007bc380000,0x00000007bf680000)
 ParOldGen       total 2557952K, used 573267K [0x00000006c2600000, 0x000000075e800000, 0x000000076b780000)
  object space 2557952K, 22% used [0x00000006c2600000,0x00000006e55d4fe0,0x000000075e800000)
 Metaspace       used 17637K, capacity 17910K, committed 18304K, reserved 1067008K
  class space    used 1988K, capacity 2081K, committed 2176K, reserved 1048576K
}
Event: 1384.387 GC heap before
{Heap before GC invocations=4460 (full 68):
 PSYoungGen      total 1318400K, used 1293291K [0x000000076b780000, 0x00000007bf680000, 0x00000007c0000000)
  eden space 1259008K, 100% used [0x000000076b780000,0x00000007b8500000,0x00000007b8500000)
  from space 59392K, 57% used [0x00000007b8500000,0x00000007ba67ad78,0x00000007bbf00000)
  to   space 52224K, 0% used [0x00000007bc380000,0x00000007bc380000,0x00000007bf680000)
 ParOldGen       total 2557952K, used 573267K [0x00000006c2600000, 0x000000075e800000, 0x000000076b780000)
  object space 2557952K, 22% used [0x00000006c2600000,0x00000006e55d4fe0,0x000000075e800000)
 Metaspace       used 17637K, capacity 17910K, committed 18304K, reserved 1067008K
  class space    used 1988K, capacity 2081K, committed 2176K, reserved 1048576K
Event: 1384.406 GC heap after
Heap after GC invocations=4460 (full 68):
 PSYoungGen      total 1323520K, used 34707K [0x000000076b780000, 0x00000007bf500000, 0x00000007c0000000)
  eden space 1272832K, 0% used [0x000000076b780000,0x000000076b780000,0x00000007b9280000)
  from space 50688K, 68% used [0x00000007bc380000,0x00000007be564d50,0x00000007bf500000)
  to   space 50176K, 0% used [0x00000007b9280000,0x00000007b9280000,0x00000007bc380000)
 ParOldGen       total 2557952K, used 573596K [0x00000006c2600000, 0x000000075e800000, 0x000000076b780000)
  object space 2557952K, 22% used [0x00000006c2600000,0x00000006e5627000,0x000000075e800000)
 Metaspace       used 17637K, capacity 17910K, committed 18304K, reserved 1067008K
  class space    used 1988K, capacity 2081K, committed 2176K, reserved 1048576K
}
Event: 1384.677 GC heap before
{Heap before GC invocations=4461 (full 68):
 PSYoungGen      total 1323520K, used 1307539K [0x000000076b780000, 0x00000007bf500000, 0x00000007c0000000)
  eden space 1272832K, 100% used [0x000000076b780000,0x00000007b9280000,0x00000007b9280000)
  from space 50688K, 68% used [0x00000007bc380000,0x00000007be564d50,0x00000007bf500000)
  to   space 50176K, 0% used [0x00000007b9280000,0x00000007b9280000,0x00000007bc380000)
 ParOldGen       total 2557952K, used 573596K [0x00000006c2600000, 0x000000075e800000, 0x000000076b780000)
  object space 2557952K, 22% used [0x00000006c2600000,0x00000006e5627000,0x000000075e800000)
 Metaspace       used 17637K, capacity 17910K, committed 18304K, reserved 1067008K
  class space    used 1988K, capacity 2081K, committed 2176K, reserved 1048576K
Event: 1384.695 GC heap after
Heap after GC invocations=4461 (full 68):
 PSYoungGen      total 1323008K, used 35266K [0x000000076b780000, 0x00000007bf500000, 0x00000007c0000000)
  eden space 1272832K, 0% used [0x000000076b780000,0x000000076b780000,0x00000007b9280000)
  from space 50176K, 70% used [0x00000007b9280000,0x00000007bb4f0ae0,0x00000007bc380000)
  to   space 50688K, 0% used [0x00000007bc380000,0x00000007bc380000,0x00000007bf500000)
 ParOldGen       total 2557952K, used 574003K [0x00000006c2600000, 0x000000075e800000, 0x000000076b780000)
  object space 2557952K, 22% used [0x00000006c2600000,0x00000006e568ced0,0x000000075e800000)
 Metaspace       used 17637K, capacity 17910K, committed 18304K, reserved 1067008K
  class space    used 1988K, capacity 2081K, committed 2176K, reserved 1048576K
}

